<?xml version="1.0" encoding="UTF-8"?>
<!-- Generated by org.testng.reporters.JUnitReportReporter -->
<testsuite hostname="DESKTOP-2VH7RQS" failures="0" tests="7" name="com.worthPoint.testLayer.MyAccountTest" time="140.546" errors="0" timestamp="2023-09-20T18:50:17 IST" skipped="0">
  <testcase classname="com.worthPoint.testLayer.MyAccountTest" name="verifyEditProfileHeaders" time="17.226"/>
  <system-out/>
  <testcase classname="com.worthPoint.testLayer.MyAccountTest" name="verifyEditProfileRequiredfields" time="21.284"/>
  <system-out/>
  <testcase classname="com.worthPoint.testLayer.MyAccountTest" name="verifyEditProfileInvalidPhoneNumber" time="23.034"/>
  <system-out/>
  <testcase classname="com.worthPoint.testLayer.MyAccountTest" name="verifyEditProfileDataUpdatedSuccessfully" time="22.512"/>
  <system-out/>
  <testcase classname="com.worthPoint.testLayer.MyAccountTest" name="verifyEditProfileWhatDescribeYoutheBestDataUpdatedSuccessfully" time="19.225"/>
  <system-out/>
  <testcase classname="com.worthPoint.testLayer.MyAccountTest" name="verifyEditProfileBackButtonFunctionality" time="19.600"/>
  <system-out/>
  <testcase classname="com.worthPoint.testLayer.MyAccountTest" name="verifyLogoutFunctionality" time="17.665"/>
  <system-out/>
</testsuite> <!-- com.worthPoint.testLayer.MyAccountTest -->
