<?xml version="1.0" encoding="UTF-8"?>
<!-- Generated by org.testng.reporters.JUnitReportReporter -->
<testsuite hostname="DESKTOP-2VH7RQS" failures="0" tests="6" name="com.worthPoint.testLayer.PriceGuidePopularItemsTest" time="138.877" errors="0" timestamp="2023-09-20T18:50:17 IST" skipped="0">
  <testcase classname="com.worthPoint.testLayer.PriceGuidePopularItemsTest" name="verifyPriceGuidePopularItemsDisplayFunctionality" time="16.134"/>
  <system-out/>
  <testcase classname="com.worthPoint.testLayer.PriceGuidePopularItemsTest" name="verifyPriceGuidePopulorModulesFunctionalityListandGridView" time="17.918"/>
  <system-out/>
  <testcase classname="com.worthPoint.testLayer.PriceGuidePopularItemsTest" name="verifyPriceGuidePopulorModulesFunctionalityClickOnProductandSeeDetails" time="30.850"/>
  <system-out/>
  <testcase classname="com.worthPoint.testLayer.PriceGuidePopularItemsTest" name="verifyPriceGuidePopulorModulesFunctionalityListViewClickOnProductandSeeDetails" time="21.079"/>
  <system-out/>
  <testcase classname="com.worthPoint.testLayer.PriceGuidePopularItemsTest" name="verifyPriceGuidePopulorModulesFunctionalityProductcLinkShare" time="27.728"/>
  <system-out/>
  <testcase classname="com.worthPoint.testLayer.PriceGuidePopularItemsTest" name="verifyPriceGuidePopulorModulesFunctionalityFavoriteProduct" time="25.168"/>
  <system-out/>
</testsuite> <!-- com.worthPoint.testLayer.PriceGuidePopularItemsTest -->
