<?xml version="1.0" encoding="UTF-8"?>
<!-- Generated by org.testng.reporters.JUnitReportReporter -->
<testsuite hostname="DESKTOP-2VH7RQS" failures="0" tests="6" name="com.worthPoint.testLayer.MarksPopularMarksTest" time="122.529" errors="0" timestamp="2023-09-20T18:50:17 IST" skipped="0">
  <testcase classname="com.worthPoint.testLayer.MarksPopularMarksTest" name="verifyMarksPopularMarksDisplayFunctionality" time="15.205"/>
  <system-out/>
  <testcase classname="com.worthPoint.testLayer.MarksPopularMarksTest" name="verifyMarksPopularMarksFunctionalityListandGridView" time="16.614"/>
  <system-out/>
  <testcase classname="com.worthPoint.testLayer.MarksPopularMarksTest" name="verifyMarksPopulorMarksFunctionalityClickOnProductandSeeDetails" time="20.555"/>
  <system-out/>
  <testcase classname="com.worthPoint.testLayer.MarksPopularMarksTest" name="verifyMarksPopulorMarksFunctionalityListViewClickOnProductandSeeDetails" time="18.370"/>
  <system-out/>
  <testcase classname="com.worthPoint.testLayer.MarksPopularMarksTest" name="verifyMarksPopularMarksFunctionalityProductcLinkShare" time="22.739"/>
  <system-out/>
  <testcase classname="com.worthPoint.testLayer.MarksPopularMarksTest" name="verifyMarksPopularMarksFunctionalityFavoriteProduct" time="29.046"/>
  <system-out/>
</testsuite> <!-- com.worthPoint.testLayer.MarksPopularMarksTest -->
